<?xml version="1.0" encoding="UTF-8"?>
<testng-results ignored="0" total="7" passed="6" failed="1" skipped="0">
  <reporter-output>
  </reporter-output>
  <suite started-at="2025-01-29T11:47:12 IST" name="Default suite" finished-at="2025-01-29T11:49:05 IST" duration-ms="113718">
    <groups>
      <group name="cucumber">
        <method signature="AbstractTestNGCucumberTests.runScenario(io.cucumber.testng.PickleWrapper,io.cucumber.testng.FeatureWrapper)[pri:0, instance:com.runner.TestRunnerTestNG@3da05287]" name="runScenario" class="io.cucumber.testng.AbstractTestNGCucumberTests"/>
      </group> <!-- cucumber -->
    </groups>
    <test started-at="2025-01-29T11:47:12 IST" name="Default test" finished-at="2025-01-29T11:49:05 IST" duration-ms="113718">
      <class name="com.runner.TestRunnerTestNG">
        <test-method is-config="true" signature="setUpClass(org.testng.ITestContext)[pri:0, instance:com.runner.TestRunnerTestNG@3da05287]" started-at="2025-01-29T11:47:12 IST" name="setUpClass" finished-at="2025-01-29T11:47:12 IST" duration-ms="551" status="PASS">
          <params>
            <param index="0">
              <value>
                <![CDATA[org.testng.TestRunner@1f39269d]]>
              </value>
            </param>
          </params>
          <reporter-output>
          </reporter-output>
        </test-method> <!-- setUpClass -->
        <test-method signature="runScenario(io.cucumber.testng.PickleWrapper,io.cucumber.testng.FeatureWrapper)[pri:0, instance:com.runner.TestRunnerTestNG@3da05287]" started-at="2025-01-29T11:47:12 IST" name="runScenario" description="Runs Cucumber Scenarios" data-provider="scenarios" finished-at="2025-01-29T11:47:31 IST" duration-ms="19142" status="PASS">
          <params>
            <param index="0">
              <value>
                <![CDATA["updating the headline"]]>
              </value>
            </param>
            <param index="1">
              <value>
                <![CDATA["ProfileUpdation"]]>
              </value>
            </param>
          </params>
          <reporter-output>
          </reporter-output>
        </test-method> <!-- runScenario -->
        <test-method signature="runScenario(io.cucumber.testng.PickleWrapper,io.cucumber.testng.FeatureWrapper)[pri:0, instance:com.runner.TestRunnerTestNG@3da05287]" started-at="2025-01-29T11:47:31 IST" name="runScenario" description="Runs Cucumber Scenarios" data-provider="scenarios" finished-at="2025-01-29T11:47:46 IST" duration-ms="14635" status="PASS">
          <params>
            <param index="0">
              <value>
                <![CDATA["updating the headline"]]>
              </value>
            </param>
            <param index="1">
              <value>
                <![CDATA["ProfileUpdation"]]>
              </value>
            </param>
          </params>
          <reporter-output>
          </reporter-output>
        </test-method> <!-- runScenario -->
        <test-method signature="runScenario(io.cucumber.testng.PickleWrapper,io.cucumber.testng.FeatureWrapper)[pri:0, instance:com.runner.TestRunnerTestNG@3da05287]" started-at="2025-01-29T11:47:46 IST" name="runScenario" description="Runs Cucumber Scenarios" data-provider="scenarios" finished-at="2025-01-29T11:48:02 IST" duration-ms="15486" status="PASS">
          <params>
            <param index="0">
              <value>
                <![CDATA["updating the headline"]]>
              </value>
            </param>
            <param index="1">
              <value>
                <![CDATA["ProfileUpdation"]]>
              </value>
            </param>
          </params>
          <reporter-output>
          </reporter-output>
        </test-method> <!-- runScenario -->
        <test-method signature="runScenario(io.cucumber.testng.PickleWrapper,io.cucumber.testng.FeatureWrapper)[pri:0, instance:com.runner.TestRunnerTestNG@3da05287]" started-at="2025-01-29T11:48:02 IST" name="runScenario" description="Runs Cucumber Scenarios" data-provider="scenarios" finished-at="2025-01-29T11:48:16 IST" duration-ms="14767" status="PASS">
          <params>
            <param index="0">
              <value>
                <![CDATA["Displaying all skills in Profile"]]>
              </value>
            </param>
            <param index="1">
              <value>
                <![CDATA["ProfileUpdation"]]>
              </value>
            </param>
          </params>
          <reporter-output>
          </reporter-output>
        </test-method> <!-- runScenario -->
        <test-method signature="runScenario(io.cucumber.testng.PickleWrapper,io.cucumber.testng.FeatureWrapper)[pri:0, instance:com.runner.TestRunnerTestNG@3da05287]" started-at="2025-01-29T11:48:16 IST" name="runScenario" description="Runs Cucumber Scenarios" data-provider="scenarios" finished-at="2025-01-29T11:48:35 IST" duration-ms="18896" status="PASS">
          <params>
            <param index="0">
              <value>
                <![CDATA["Saving an Emptyfield"]]>
              </value>
            </param>
            <param index="1">
              <value>
                <![CDATA["ProfileUpdation"]]>
              </value>
            </param>
          </params>
          <reporter-output>
          </reporter-output>
        </test-method> <!-- runScenario -->
        <test-method signature="runScenario(io.cucumber.testng.PickleWrapper,io.cucumber.testng.FeatureWrapper)[pri:0, instance:com.runner.TestRunnerTestNG@3da05287]" started-at="2025-01-29T11:48:35 IST" name="runScenario" description="Runs Cucumber Scenarios" data-provider="scenarios" finished-at="2025-01-29T11:48:51 IST" duration-ms="15413" status="PASS">
          <params>
            <param index="0">
              <value>
                <![CDATA["Go to Saveditems Page"]]>
              </value>
            </param>
            <param index="1">
              <value>
                <![CDATA["ProfileUpdation"]]>
              </value>
            </param>
          </params>
          <reporter-output>
          </reporter-output>
        </test-method> <!-- runScenario -->
        <test-method signature="runScenario(io.cucumber.testng.PickleWrapper,io.cucumber.testng.FeatureWrapper)[pri:0, instance:com.runner.TestRunnerTestNG@3da05287]" started-at="2025-01-29T11:48:51 IST" name="runScenario" description="Runs Cucumber Scenarios" data-provider="scenarios" finished-at="2025-01-29T11:49:05 IST" duration-ms="14730" status="FAIL">
          <params>
            <param index="0">
              <value>
                <![CDATA["Navigate to Public Profile and URL Settings page"]]>
              </value>
            </param>
            <param index="1">
              <value>
                <![CDATA["ProfileUpdation"]]>
              </value>
            </param>
          </params>
          <exception class="org.openqa.selenium.ElementClickInterceptedException">
            <message>
              <![CDATA[element click intercepted: Element <a tabindex="0" rel="noopener noreferrer" target="_blank" href="https://www.linkedin.com/public-profile/settings?trk=d_flagship3_profile_self_view_public_profile" id="ember236" class="ember-view">...</a> is not clickable at point (1167, 185). Other element would receive the click: <input id="msg-overlay-list-bubble-search__search-typeahead-input" class="ember-text-field ember-view msg-overlay-list-bubble-search__search-typeahead-input" placeholder="Search messages" autocomplete="off" type="text">
  (Session info: chrome=132.0.6834.159)
Build info: version: '4.27.0', revision: 'd6e718d134'
System info: os.name: 'Windows 11', os.arch: 'amd64', os.version: '10.0', java.version: '21.0.5'
Driver info: org.openqa.selenium.chrome.ChromeDriver
Command: [e35f6eaa14c7a0868d0d100c84fbf2c4, clickElement {id=f.4563FD3E9B6F8FC5416F87699519E161.d.C7A95BAFD7F837134164AF7D1D6FBC6D.e.148}]
Capabilities {acceptInsecureCerts: false, browserName: chrome, browserVersion: 132.0.6834.159, chrome: {chromedriverVersion: 132.0.6834.159 (2d77d3fc445..., userDataDir: C:\Windows\SystemTemp\scope...}, fedcm:accounts: true, goog:chromeOptions: {debuggerAddress: localhost:60530}, networkConnectionEnabled: false, pageLoadStrategy: normal, platformName: windows, proxy: Proxy(), se:cdp: ws://localhost:60530/devtoo..., se:cdpVersion: 132.0.6834.159, setWindowRect: true, strictFileInteractability: false, timeouts: {implicit: 0, pageLoad: 300000, script: 30000}, unhandledPromptBehavior: dismiss and notify, webauthn:extension:credBlob: true, webauthn:extension:largeBlob: true, webauthn:extension:minPinLength: true, webauthn:extension:prf: true, webauthn:virtualAuthenticators: true}
Element: [[ChromeDriver: chrome on windows (e35f6eaa14c7a0868d0d100c84fbf2c4)] -> xpath: (//div[contains(@class,'display-flex')]/a[starts-with(@id,'ember')][contains(@class,'ember-view')])[2]]
Session ID: e35f6eaa14c7a0868d0d100c84fbf2c4]]>
            </message>
            <full-stacktrace>
              <![CDATA[org.openqa.selenium.ElementClickInterceptedException: element click intercepted: Element <a tabindex="0" rel="noopener noreferrer" target="_blank" href="https://www.linkedin.com/public-profile/settings?trk=d_flagship3_profile_self_view_public_profile" id="ember236" class="ember-view">...</a> is not clickable at point (1167, 185). Other element would receive the click: <input id="msg-overlay-list-bubble-search__search-typeahead-input" class="ember-text-field ember-view msg-overlay-list-bubble-search__search-typeahead-input" placeholder="Search messages" autocomplete="off" type="text">
  (Session info: chrome=132.0.6834.159)
Build info: version: '4.27.0', revision: 'd6e718d134'
System info: os.name: 'Windows 11', os.arch: 'amd64', os.version: '10.0', java.version: '21.0.5'
Driver info: org.openqa.selenium.chrome.ChromeDriver
Command: [e35f6eaa14c7a0868d0d100c84fbf2c4, clickElement {id=f.4563FD3E9B6F8FC5416F87699519E161.d.C7A95BAFD7F837134164AF7D1D6FBC6D.e.148}]
Capabilities {acceptInsecureCerts: false, browserName: chrome, browserVersion: 132.0.6834.159, chrome: {chromedriverVersion: 132.0.6834.159 (2d77d3fc445..., userDataDir: C:\Windows\SystemTemp\scope...}, fedcm:accounts: true, goog:chromeOptions: {debuggerAddress: localhost:60530}, networkConnectionEnabled: false, pageLoadStrategy: normal, platformName: windows, proxy: Proxy(), se:cdp: ws://localhost:60530/devtoo..., se:cdpVersion: 132.0.6834.159, setWindowRect: true, strictFileInteractability: false, timeouts: {implicit: 0, pageLoad: 300000, script: 30000}, unhandledPromptBehavior: dismiss and notify, webauthn:extension:credBlob: true, webauthn:extension:largeBlob: true, webauthn:extension:minPinLength: true, webauthn:extension:prf: true, webauthn:virtualAuthenticators: true}
Element: [[ChromeDriver: chrome on windows (e35f6eaa14c7a0868d0d100c84fbf2c4)] -> xpath: (//div[contains(@class,'display-flex')]/a[starts-with(@id,'ember')][contains(@class,'ember-view')])[2]]
Session ID: e35f6eaa14c7a0868d0d100c84fbf2c4
at java.base/jdk.internal.reflect.DirectConstructorHandleAccessor.newInstance(DirectConstructorHandleAccessor.java:62)
at java.base/java.lang.reflect.Constructor.newInstanceWithCaller(Constructor.java:502)
at java.base/java.lang.reflect.Constructor.newInstance(Constructor.java:486)
at org.openqa.selenium.remote.ErrorCodec.decode(ErrorCodec.java:167)
at org.openqa.selenium.remote.codec.w3c.W3CHttpResponseCodec.decode(W3CHttpResponseCodec.java:138)
at org.openqa.selenium.remote.codec.w3c.W3CHttpResponseCodec.decode(W3CHttpResponseCodec.java:50)
at org.openqa.selenium.remote.HttpCommandExecutor.execute(HttpCommandExecutor.java:190)
at org.openqa.selenium.remote.service.DriverCommandExecutor.invokeExecute(DriverCommandExecutor.java:216)
at org.openqa.selenium.remote.service.DriverCommandExecutor.execute(DriverCommandExecutor.java:174)
at org.openqa.selenium.remote.RemoteWebDriver.execute(RemoteWebDriver.java:545)
at org.openqa.selenium.remote.RemoteWebElement.execute(RemoteWebElement.java:223)
at org.openqa.selenium.remote.RemoteWebElement.click(RemoteWebElement.java:76)
at com.pages.ProfilePage.PublicProfileURL(ProfilePage.java:222)
at com.stepdefinition.Profile.i_click_on_editicon_of_public_profile_and_url(Profile.java:176)
at ✽.I click on editicon of Public Profile and URL(file:///C:/Users/SILSOWMY/eclipse-workspace/LinkedinWebpage/LinkedInProject/src/test/resources/Features/Profile.feature:30)
]]>
            </full-stacktrace>
          </exception> <!-- org.openqa.selenium.ElementClickInterceptedException -->
          <reporter-output>
          </reporter-output>
        </test-method> <!-- runScenario -->
        <test-method is-config="true" signature="tearDownClass()[pri:0, instance:com.runner.TestRunnerTestNG@3da05287]" started-at="2025-01-29T11:49:05 IST" name="tearDownClass" finished-at="2025-01-29T11:49:05 IST" duration-ms="42" status="PASS">
          <reporter-output>
          </reporter-output>
        </test-method> <!-- tearDownClass -->
      </class> <!-- com.runner.TestRunnerTestNG -->
    </test> <!-- Default test -->
  </suite> <!-- Default suite -->
</testng-results>
