<?xml version="1.0" encoding="UTF-8"?>
<!-- Generated by org.testng.reporters.JUnitReportReporter -->
<testsuite hostname="LIN-83VMBK3" failures="0" tests="7" name="com.runner.TestRunnerTestNG" time="113.069" errors="1" timestamp="2025-01-29T11:49:06 IST" skipped="0">
  <testcase classname="com.runner.TestRunnerTestNG" name="runScenario" time="14.767"/>
  <system-out/>
  <testcase classname="com.runner.TestRunnerTestNG" name="runScenario" time="15.413"/>
  <system-out/>
  <testcase classname="com.runner.TestRunnerTestNG" name="runScenario" time="15.486"/>
  <system-out/>
  <testcase classname="com.runner.TestRunnerTestNG" name="runScenario" time="19.142"/>
  <system-out/>
  <testcase classname="com.runner.TestRunnerTestNG" name="runScenario" time="14.635"/>
  <system-out/>
  <testcase classname="com.runner.TestRunnerTestNG" name="runScenario" time="18.896"/>
  <system-out/>
  <testcase classname="com.runner.TestRunnerTestNG" name="runScenario" time="14.730">
    <error message="element click intercepted: Element &lt;a tabindex=&quot;0&quot; rel=&quot;noopener noreferrer&quot; target=&quot;_blank&quot; href=&quot;https://www.linkedin.com/public-profile/settings?trk=d_flagship3_profile_self_view_public_profile&quot; id=&quot;ember236&quot; class=&quot;ember-view&quot;&gt;...&lt;/a&gt; is not clickable at point (1167, 185). Other element would receive the click: &lt;input id=&quot;msg-overlay-list-bubble-search__search-typeahead-input&quot; class=&quot;ember-text-field ember-view msg-overlay-list-bubble-search__search-typeahead-input&quot; placeholder=&quot;Search messages&quot; autocomplete=&quot;off&quot; type=&quot;text&quot;&gt;
  (Session info: chrome=132.0.6834.159)
Build info: version: &#039;4.27.0&#039;, revision: &#039;d6e718d134&#039;
System info: os.name: &#039;Windows 11&#039;, os.arch: &#039;amd64&#039;, os.version: &#039;10.0&#039;, java.version: &#039;21.0.5&#039;
Driver info: org.openqa.selenium.chrome.ChromeDriver
Command: [e35f6eaa14c7a0868d0d100c84fbf2c4, clickElement {id=f.4563FD3E9B6F8FC5416F87699519E161.d.C7A95BAFD7F837134164AF7D1D6FBC6D.e.148}]
Capabilities {acceptInsecureCerts: false, browserName: chrome, browserVersion: 132.0.6834.159, chrome: {chromedriverVersion: 132.0.6834.159 (2d77d3fc445..., userDataDir: C:\Windows\SystemTemp\scope...}, fedcm:accounts: true, goog:chromeOptions: {debuggerAddress: localhost:60530}, networkConnectionEnabled: false, pageLoadStrategy: normal, platformName: windows, proxy: Proxy(), se:cdp: ws://localhost:60530/devtoo..., se:cdpVersion: 132.0.6834.159, setWindowRect: true, strictFileInteractability: false, timeouts: {implicit: 0, pageLoad: 300000, script: 30000}, unhandledPromptBehavior: dismiss and notify, webauthn:extension:credBlob: true, webauthn:extension:largeBlob: true, webauthn:extension:minPinLength: true, webauthn:extension:prf: true, webauthn:virtualAuthenticators: true}
Element: [[ChromeDriver: chrome on windows (e35f6eaa14c7a0868d0d100c84fbf2c4)] -&gt; xpath: (//div[contains(@class,&#039;display-flex&#039;)]/a[starts-with(@id,&#039;ember&#039;)][contains(@class,&#039;ember-view&#039;)])[2]]
Session ID: e35f6eaa14c7a0868d0d100c84fbf2c4" type="org.openqa.selenium.ElementClickInterceptedException">
      <![CDATA[org.openqa.selenium.ElementClickInterceptedException: element click intercepted: Element <a tabindex="0" rel="noopener noreferrer" target="_blank" href="https://www.linkedin.com/public-profile/settings?trk=d_flagship3_profile_self_view_public_profile" id="ember236" class="ember-view">...</a> is not clickable at point (1167, 185). Other element would receive the click: <input id="msg-overlay-list-bubble-search__search-typeahead-input" class="ember-text-field ember-view msg-overlay-list-bubble-search__search-typeahead-input" placeholder="Search messages" autocomplete="off" type="text">
  (Session info: chrome=132.0.6834.159)
Build info: version: '4.27.0', revision: 'd6e718d134'
System info: os.name: 'Windows 11', os.arch: 'amd64', os.version: '10.0', java.version: '21.0.5'
Driver info: org.openqa.selenium.chrome.ChromeDriver
Command: [e35f6eaa14c7a0868d0d100c84fbf2c4, clickElement {id=f.4563FD3E9B6F8FC5416F87699519E161.d.C7A95BAFD7F837134164AF7D1D6FBC6D.e.148}]
Capabilities {acceptInsecureCerts: false, browserName: chrome, browserVersion: 132.0.6834.159, chrome: {chromedriverVersion: 132.0.6834.159 (2d77d3fc445..., userDataDir: C:\Windows\SystemTemp\scope...}, fedcm:accounts: true, goog:chromeOptions: {debuggerAddress: localhost:60530}, networkConnectionEnabled: false, pageLoadStrategy: normal, platformName: windows, proxy: Proxy(), se:cdp: ws://localhost:60530/devtoo..., se:cdpVersion: 132.0.6834.159, setWindowRect: true, strictFileInteractability: false, timeouts: {implicit: 0, pageLoad: 300000, script: 30000}, unhandledPromptBehavior: dismiss and notify, webauthn:extension:credBlob: true, webauthn:extension:largeBlob: true, webauthn:extension:minPinLength: true, webauthn:extension:prf: true, webauthn:virtualAuthenticators: true}
Element: [[ChromeDriver: chrome on windows (e35f6eaa14c7a0868d0d100c84fbf2c4)] -> xpath: (//div[contains(@class,'display-flex')]/a[starts-with(@id,'ember')][contains(@class,'ember-view')])[2]]
Session ID: e35f6eaa14c7a0868d0d100c84fbf2c4
at java.base/jdk.internal.reflect.DirectConstructorHandleAccessor.newInstance(DirectConstructorHandleAccessor.java:62)
at java.base/java.lang.reflect.Constructor.newInstanceWithCaller(Constructor.java:502)
at java.base/java.lang.reflect.Constructor.newInstance(Constructor.java:486)
at org.openqa.selenium.remote.ErrorCodec.decode(ErrorCodec.java:167)
at org.openqa.selenium.remote.codec.w3c.W3CHttpResponseCodec.decode(W3CHttpResponseCodec.java:138)
at org.openqa.selenium.remote.codec.w3c.W3CHttpResponseCodec.decode(W3CHttpResponseCodec.java:50)
at org.openqa.selenium.remote.HttpCommandExecutor.execute(HttpCommandExecutor.java:190)
at org.openqa.selenium.remote.service.DriverCommandExecutor.invokeExecute(DriverCommandExecutor.java:216)
at org.openqa.selenium.remote.service.DriverCommandExecutor.execute(DriverCommandExecutor.java:174)
at org.openqa.selenium.remote.RemoteWebDriver.execute(RemoteWebDriver.java:545)
at org.openqa.selenium.remote.RemoteWebElement.execute(RemoteWebElement.java:223)
at org.openqa.selenium.remote.RemoteWebElement.click(RemoteWebElement.java:76)
at com.pages.ProfilePage.PublicProfileURL(ProfilePage.java:222)
at com.stepdefinition.Profile.i_click_on_editicon_of_public_profile_and_url(Profile.java:176)
at ✽.I click on editicon of Public Profile and URL(file:///C:/Users/SILSOWMY/eclipse-workspace/LinkedinWebpage/LinkedInProject/src/test/resources/Features/Profile.feature:30)
]]>
    </error>
  </testcase> <!-- runScenario -->
  <system-out/>
</testsuite> <!-- com.runner.TestRunnerTestNG -->
