<?xml version="1.0" encoding="UTF-8"?>
<!-- Generated by org.testng.reporters.JUnitReportReporter -->
<testsuite hostname="LIN-83VMBK3" failures="0" tests="7" name="com.runner.TestRunnerExtenedTestNG" time="212.717" errors="0" timestamp="2024-12-27T10:31:28 IST" skipped="0">
  <testcase classname="com.runner.TestRunnerExtenedTestNG" name="runScenario" time="35.912"/>
  <system-out/>
  <testcase classname="com.runner.TestRunnerExtenedTestNG" name="runScenario" time="27.001"/>
  <system-out/>
  <testcase classname="com.runner.TestRunnerExtenedTestNG" name="runScenario" time="30.716"/>
  <system-out/>
  <testcase classname="com.runner.TestRunnerExtenedTestNG" name="runScenario" time="28.745"/>
  <system-out/>
  <testcase classname="com.runner.TestRunnerExtenedTestNG" name="runScenario" time="30.083"/>
  <system-out/>
  <testcase classname="com.runner.TestRunnerExtenedTestNG" name="runScenario" time="29.888"/>
  <system-out/>
  <testcase classname="com.runner.TestRunnerExtenedTestNG" name="runScenario" time="30.372"/>
  <system-out/>
</testsuite> <!-- com.runner.TestRunnerExtenedTestNG -->
