<?xml version="1.0" encoding="UTF-8"?>
<!-- Generated by org.testng.reporters.JUnitXMLReporter -->
<testsuite ignored="0" hostname="LIN-83VMBK3" failures="1" tests="7" name="Default test" time="113.718" errors="0" timestamp="2025-01-29T11:49:05 IST">
  <testcase classname="io.cucumber.testng.AbstractTestNGCucumberTests" name="runScenario" time="19.142"/>
  <testcase classname="io.cucumber.testng.AbstractTestNGCucumberTests" name="runScenario" time="14.635"/>
  <testcase classname="io.cucumber.testng.AbstractTestNGCucumberTests" name="runScenario" time="15.486"/>
  <testcase classname="io.cucumber.testng.AbstractTestNGCucumberTests" name="runScenario" time="14.767"/>
  <testcase classname="io.cucumber.testng.AbstractTestNGCucumberTests" name="runScenario" time="18.896"/>
  <testcase classname="io.cucumber.testng.AbstractTestNGCucumberTests" name="runScenario" time="15.413"/>
  <testcase classname="io.cucumber.testng.AbstractTestNGCucumberTests" name="runScenario" time="14.73">
    <failure type="org.openqa.selenium.ElementClickInterceptedException" message="element click intercepted: Element &amp;lt;a tabindex=&amp;quot;0&amp;quot; rel=&amp;quot;noopener noreferrer&amp;quot; target=&amp;quot;_blank&amp;quot; href=&amp;quot;https://www.linkedin.com/public-profile/settings?trk=d_flagship3_profile_self_view_public_profile&amp;quot; id=&amp;quot;ember236&amp;quot; class=&amp;quot;ember-view&amp;quot;&amp;gt;...&amp;lt;/a&amp;gt; is not clickable at point (1167, 185). Other element would receive the click: &amp;lt;input id=&amp;quot;msg-overlay-list-bubble-search__search-typeahead-input&amp;quot; class=&amp;quot;ember-text-field ember-view msg-overlay-list-bubble-search__search-typeahead-input&amp;quot; placeholder=&amp;quot;Search messages&amp;quot; autocomplete=&amp;quot;off&amp;quot; type=&amp;quot;text&amp;quot;&amp;gt;
  (Session info: chrome=132.0.6834.159)
Build info: version: &amp;apos;4.27.0&amp;apos;, revision: &amp;apos;d6e718d134&amp;apos;
System info: os.name: &amp;apos;Windows 11&amp;apos;, os.arch: &amp;apos;amd64&amp;apos;, os.version: &amp;apos;10.0&amp;apos;, java.version: &amp;apos;21.0.5&amp;apos;
Driver info: org.openqa.selenium.chrome.ChromeDriver
Command: [e35f6eaa14c7a0868d0d100c84fbf2c4, clickElement {id=f.4563FD3E9B6F8FC5416F87699519E161.d.C7A95BAFD7F837134164AF7D1D6FBC6D.e.148}]
Capabilities {acceptInsecureCerts: false, browserName: chrome, browserVersion: 132.0.6834.159, chrome: {chromedriverVersion: 132.0.6834.159 (2d77d3fc445..., userDataDir: C:\Windows\SystemTemp\scope...}, fedcm:accounts: true, goog:chromeOptions: {debuggerAddress: localhost:60530}, networkConnectionEnabled: false, pageLoadStrategy: normal, platformName: windows, proxy: Proxy(), se:cdp: ws://localhost:60530/devtoo..., se:cdpVersion: 132.0.6834.159, setWindowRect: true, strictFileInteractability: false, timeouts: {implicit: 0, pageLoad: 300000, script: 30000}, unhandledPromptBehavior: dismiss and notify, webauthn:extension:credBlob: true, webauthn:extension:largeBlob: true, webauthn:extension:minPinLength: true, webauthn:extension:prf: true, webauthn:virtualAuthenticators: true}
Element: [[ChromeDriver: chrome on windows (e35f6eaa14c7a0868d0d100c84fbf2c4)] -&amp;gt; xpath: (//div[contains(@class,&amp;apos;display-flex&amp;apos;)]/a[starts-with(@id,&amp;apos;ember&amp;apos;)][contains(@class,&amp;apos;ember-view&amp;apos;)])[2]]
Session ID: e35f6eaa14c7a0868d0d100c84fbf2c4">
      <![CDATA[org.openqa.selenium.ElementClickInterceptedException: element click intercepted: Element <a tabindex="0" rel="noopener noreferrer" target="_blank" href="https://www.linkedin.com/public-profile/settings?trk=d_flagship3_profile_self_view_public_profile" id="ember236" class="ember-view">...</a> is not clickable at point (1167, 185). Other element would receive the click: <input id="msg-overlay-list-bubble-search__search-typeahead-input" class="ember-text-field ember-view msg-overlay-list-bubble-search__search-typeahead-input" placeholder="Search messages" autocomplete="off" type="text">
  (Session info: chrome=132.0.6834.159)
Build info: version: '4.27.0', revision: 'd6e718d134'
System info: os.name: 'Windows 11', os.arch: 'amd64', os.version: '10.0', java.version: '21.0.5'
Driver info: org.openqa.selenium.chrome.ChromeDriver
Command: [e35f6eaa14c7a0868d0d100c84fbf2c4, clickElement {id=f.4563FD3E9B6F8FC5416F87699519E161.d.C7A95BAFD7F837134164AF7D1D6FBC6D.e.148}]
Capabilities {acceptInsecureCerts: false, browserName: chrome, browserVersion: 132.0.6834.159, chrome: {chromedriverVersion: 132.0.6834.159 (2d77d3fc445..., userDataDir: C:\Windows\SystemTemp\scope...}, fedcm:accounts: true, goog:chromeOptions: {debuggerAddress: localhost:60530}, networkConnectionEnabled: false, pageLoadStrategy: normal, platformName: windows, proxy: Proxy(), se:cdp: ws://localhost:60530/devtoo..., se:cdpVersion: 132.0.6834.159, setWindowRect: true, strictFileInteractability: false, timeouts: {implicit: 0, pageLoad: 300000, script: 30000}, unhandledPromptBehavior: dismiss and notify, webauthn:extension:credBlob: true, webauthn:extension:largeBlob: true, webauthn:extension:minPinLength: true, webauthn:extension:prf: true, webauthn:virtualAuthenticators: true}
Element: [[ChromeDriver: chrome on windows (e35f6eaa14c7a0868d0d100c84fbf2c4)] -> xpath: (//div[contains(@class,'display-flex')]/a[starts-with(@id,'ember')][contains(@class,'ember-view')])[2]]
Session ID: e35f6eaa14c7a0868d0d100c84fbf2c4
at java.base/jdk.internal.reflect.DirectConstructorHandleAccessor.newInstance(DirectConstructorHandleAccessor.java:62)
at java.base/java.lang.reflect.Constructor.newInstanceWithCaller(Constructor.java:502)
at java.base/java.lang.reflect.Constructor.newInstance(Constructor.java:486)
at org.openqa.selenium.remote.ErrorCodec.decode(ErrorCodec.java:167)
at org.openqa.selenium.remote.codec.w3c.W3CHttpResponseCodec.decode(W3CHttpResponseCodec.java:138)
at org.openqa.selenium.remote.codec.w3c.W3CHttpResponseCodec.decode(W3CHttpResponseCodec.java:50)
at org.openqa.selenium.remote.HttpCommandExecutor.execute(HttpCommandExecutor.java:190)
at org.openqa.selenium.remote.service.DriverCommandExecutor.invokeExecute(DriverCommandExecutor.java:216)
at org.openqa.selenium.remote.service.DriverCommandExecutor.execute(DriverCommandExecutor.java:174)
at org.openqa.selenium.remote.RemoteWebDriver.execute(RemoteWebDriver.java:545)
at org.openqa.selenium.remote.RemoteWebElement.execute(RemoteWebElement.java:223)
at org.openqa.selenium.remote.RemoteWebElement.click(RemoteWebElement.java:76)
at com.pages.ProfilePage.PublicProfileURL(ProfilePage.java:222)
at com.stepdefinition.Profile.i_click_on_editicon_of_public_profile_and_url(Profile.java:176)
at ✽.I click on editicon of Public Profile and URL(file:///C:/Users/SILSOWMY/eclipse-workspace/LinkedinWebpage/LinkedInProject/src/test/resources/Features/Profile.feature:30)
]]>
    </failure>
  </testcase> <!-- runScenario -->
</testsuite> <!-- Default test -->
